d:\desktop\onedrive\digipen\gam300\testboost\b_serial\x64\debug\b_serial.lib
d:\desktop\onedrive\digipen\gam300\testboost\b_serial\x64\debug\b_serial.exp
d:\desktop\onedrive\digipen\gam300\testboost\b_serial\b_serial\x64\debug\vc141.pdb
d:\desktop\onedrive\digipen\gam300\testboost\b_serial\b_serial\x64\debug\vc141.idb
d:\desktop\onedrive\digipen\gam300\testboost\b_serial\b_serial\x64\debug\source.obj
d:\desktop\onedrive\digipen\gam300\testboost\b_serial\x64\debug\b_serial.ilk
d:\desktop\onedrive\digipen\gam300\testboost\b_serial\x64\debug\b_serial.exe
d:\desktop\onedrive\digipen\gam300\testboost\b_serial\x64\debug\b_serial.pdb
d:\desktop\onedrive\digipen\gam300\testboost\boost_serial_git\boost-serialization-starter\b_serial\x64\debug\source.obj
d:\desktop\onedrive\digipen\gam300\testboost\boost_serial_git\boost-serialization-starter\b_serial\x64\debug\vc141.idb
d:\desktop\onedrive\digipen\gam300\testboost\boost_serial_git\boost-serialization-starter\b_serial\x64\debug\vc141.pdb
d:\desktop\onedrive\digipen\gam300\testboost\boost_serial_git\boost-serialization-starter\x64\debug\b_serial.pdb
d:\desktop\onedrive\digipen\gam300\testboost\boost_serial_git\boost-serialization-starter\x64\debug\b_serial.exe
d:\desktop\onedrive\digipen\gam300\testboost\boost_serial_git\boost-serialization-starter\x64\debug\b_serial.ilk
d:\desktop\onedrive\digipen\gam300\testboost\boost_serial_git\boost-serialization-starter\b_serial\x64\debug\b_serial.tlog\b_serial.write.1u.tlog
d:\desktop\onedrive\digipen\gam300\testboost\boost_serial_git\boost-serialization-starter\b_serial\x64\debug\b_serial.tlog\cl.command.1.tlog
d:\desktop\onedrive\digipen\gam300\testboost\boost_serial_git\boost-serialization-starter\b_serial\x64\debug\b_serial.tlog\cl.read.1.tlog
d:\desktop\onedrive\digipen\gam300\testboost\boost_serial_git\boost-serialization-starter\b_serial\x64\debug\b_serial.tlog\cl.write.1.tlog
d:\desktop\onedrive\digipen\gam300\testboost\boost_serial_git\boost-serialization-starter\b_serial\x64\debug\b_serial.tlog\link.command.1.tlog
d:\desktop\onedrive\digipen\gam300\testboost\boost_serial_git\boost-serialization-starter\b_serial\x64\debug\b_serial.tlog\link.read.1.tlog
d:\desktop\onedrive\digipen\gam300\testboost\boost_serial_git\boost-serialization-starter\b_serial\x64\debug\b_serial.tlog\link.write.1.tlog
